<?xml version="1.0" encoding="UTF-8"?>
<!-- Generated by org.testng.reporters.JUnitReportReporter -->
<testsuite hostname="LAPTOP-TRL5FLUM" failures="0" tests="6" name="com.employee.testcase.TC004_Put_Employee_Record" time="0.059" errors="0" timestamp="2022-05-07T22:17:06 IST" skipped="0">
  <testcase classname="com.employee.testcase.TC004_Put_Employee_Record" name="checkStatusCode" time="0.001"/>
  <system-out/>
  <testcase classname="com.employee.testcase.TC004_Put_Employee_Record" name="checkserverType" time="0.001"/>
  <system-out/>
  <testcase classname="com.employee.testcase.TC004_Put_Employee_Record" name="checkcontentEncoding" time="0.000"/>
  <system-out/>
  <testcase classname="com.employee.testcase.TC004_Put_Employee_Record" name="checkContentType" time="0.002"/>
  <system-out/>
  <testcase classname="com.employee.testcase.TC004_Put_Employee_Record" name="checkResposeBody" time="0.020"/>
  <system-out/>
  <testcase classname="com.employee.testcase.TC004_Put_Employee_Record" name="checkstatusLine" time="0.035"/>
  <system-out/>
</testsuite> <!-- com.employee.testcase.TC004_Put_Employee_Record -->
